Starting Dynare (version 6.3).
Calling Dynare with arguments: none
Starting preprocessing of the model file ...
Found 116 equation(s).
Evaluating expressions...
Computing static model derivatives (order 1).
Normalizing the static model...
Finding the optimal block decomposition of the static model...
103 block(s) found:
  102 recursive block(s) and 1 simultaneous block(s).
  the largest simultaneous block has 12 equation(s)
                                 and 12 feedback variable(s).
Computing dynamic model derivatives (order 2).
Normalizing the dynamic model...
Finding the optimal block decomposition of the dynamic model...
103 block(s) found:
  102 recursive block(s) and 1 simultaneous block(s).
  the largest simultaneous block has 12 equation(s)
                                 and 10 feedback variable(s).
Preprocessing completed.
Preprocessing time: 0h00m00s.

EIGENVALUES:
         Modulus             Real        Imaginary
         2.8e-16          2.8e-16                0
       9.944e-16        9.944e-16                0
       1.139e-15       -1.139e-15                0
       2.353e-15        2.353e-15                0
       3.901e-15        3.901e-15                0
        7.99e-15         7.99e-15                0
       8.162e-15        8.162e-15                0
        2.95e-14        -2.95e-14                0
       1.237e-12        1.237e-12                0
           0.415            0.415                0
             0.9              0.9                0
          0.9037           0.9037                0
          0.9037           0.9037                0
          0.9037           0.9037                0
          0.9037           0.9037                0
          0.9037           0.9037                0
          0.9037           0.9037                0
          0.9037           0.9037                0
          0.9037           0.9037                0
          0.9037           0.9037                0
           1.153            1.153                0
           1.153            1.153                0
           1.153            1.153                0
           1.153            1.153                0
           1.153            1.153                0
           1.153            1.153                0
           1.153            1.153                0
           1.153            1.153                0
           1.153            1.153                0
       6.952e+13       -6.952e+13                0
       3.925e+14       -3.925e+14                0
       5.251e+15        5.251e+15                0
       3.185e+16        3.185e+16                0
       6.303e+16        6.303e+16                0
       8.515e+16        8.515e+16                0
       2.101e+17        2.101e+17                0
         3.3e+17         -3.3e+17                0
             Inf              Inf                0
             Inf              Inf                0
             Inf              Inf                0
             Inf              Inf                0
             Inf              Inf                0
             Inf              Inf                0
             Inf              Inf                0
             Inf              Inf                0
             Inf              Inf                0
             Inf              Inf                0

There are 27 eigenvalue(s) larger than 1 in modulus for 27 forward-looking variable(s)
The rank condition is verified.


MODEL SUMMARY

  Number of variables:         116
  Number of stochastic shocks: 2
  Number of state variables:   20
  Number of jumpers:           27
  Number of static variables:  69


MATRIX OF COVARIANCE OF EXOGENOUS SHOCKS
Variables       eps_Z     eps_X
eps_Z        0.009950  0.000000
eps_X        0.000000  0.000009

POLICY AND TRANSITION FUNCTIONS
                                logC            logw            logL               C               w               L
Constant                   -2.142287       -2.770594       -2.198230        0.117386        0.062625        0.110999
M1(-1)                     10.190704        1.869539      -33.284662        1.196247        0.117079       -3.694580
e1(-1)                      6.369190        1.168462      -20.802914        0.747655        0.073175       -2.309113
M2(-1)                     16.363566        3.095702      -53.071454        1.920856        0.193868       -5.890904
e2(-1)                      5.841793        1.105166      -18.946509        0.685745        0.069211       -2.103053
M3(-1)                     23.399766        4.562309      -75.349832        2.746808        0.285714       -8.363793
e3(-1)                      5.101149        0.994583      -16.426263        0.598804        0.062286       -1.823307
M4(-1)                     34.314107        7.002885     -109.244889        4.028000        0.438554      -12.126127
e4(-1)                      4.220635        0.861355      -13.437121        0.495444        0.053942       -1.491514
M5(-1)                     48.863337       10.609432     -153.015621        5.735878        0.664414      -16.984655
e5(-1)                      3.420434        0.742660      -10.711093        0.401511        0.046509       -1.188926
M6(-1)                     66.824091       15.821890     -204.008805        7.844222        0.990843      -22.644873
e6(-1)                      2.672964        0.632876       -8.160352        0.313769        0.039634       -0.905795
M7(-1)                     88.393947       23.990123     -257.615294       10.376223        1.502377      -28.595165
e7(-1)                      1.944667        0.527783       -5.667536        0.228277        0.033052       -0.629094
M8(-1)                    111.573698       36.210474     -301.452899       13.097205        2.267674      -33.461117
e8(-1)                      1.450458        0.470736       -3.918888        0.170264        0.029480       -0.434995
M9(-1)                    -85.967745      193.664247     1118.527969      -10.091421       12.128185      124.156030
e9(-1)                     -0.171935        0.387328        2.237056       -0.020183        0.024256        0.248312
Z(-1)                       1.050452        0.897137       -0.613262        0.123309        0.056183       -0.068072
X(-1)                      -0.099108        0.001886        0.403974       -0.011634        0.000118        0.044841
eps_Z                       1.167169        0.996819       -0.681402        0.137009        0.062426       -0.075635
eps_X                      -0.238813        0.004545        0.973432       -0.028033        0.000285        0.108050
M1(-1),M1(-1)            7494.702913     1591.352877   -23613.400147      885.869474       99.767599    -2559.588861
e1(-1),M1(-1)            9368.378642     1989.191096   -29516.750184     1107.336843      124.709498    -3199.486076
e1(-1),e1(-1)            2927.618326      621.622217    -9223.984433      346.042763       38.971718     -999.839399
M2(-1),M1(-1)            -838.099633      135.036137     3892.543079      -78.806401        8.819054      628.147037
M2(-1),e1(-1)            -523.812270       84.397586     2432.839424      -49.254001        5.511909      392.591898
M2(-1),M2(-1)           16066.606585     3683.852490   -49531.016379     1901.712798      231.000606    -5341.597961
e2(-1),M1(-1)            -299.201569       48.207901     1389.637879      -28.133885        3.148402      224.248492
e2(-1),e1(-1)            -187.000981       30.129938      868.523674      -17.583678        1.967751      140.155308
e2(-1),M2(-1)           11471.557101     2630.270678   -35365.145695     1357.822938      164.934432    -3813.900944
e2(-1),e2(-1)            2047.672943      469.503316    -6312.678507      242.371394       29.440796     -680.781318
M3(-1),M1(-1)           -1313.547129      182.899351     5985.785919     -126.200307       11.988188      942.805175
M3(-1),e1(-1)            -820.966956      114.312094     3741.116199      -78.875192        7.492618      589.253234
M3(-1),M2(-1)           -2386.104407      263.525670    10598.520308     -235.147990       17.387727     1620.308946
M3(-1),e2(-1)            -851.839273       94.078664     3783.671750      -83.947832        6.207418      578.450294
M3(-1),M3(-1)           25361.579305     6400.656605   -75843.690801     3009.234987      401.491600    -8103.505552
e3(-1),M1(-1)            -286.353274       39.872058     1304.901330      -27.511667        2.613425      205.531528
e3(-1),e1(-1)            -178.970796       24.920037      815.563331      -17.194792        1.633391      128.457205
e3(-1),M2(-1)            -520.170761       57.448596     2310.477427      -51.262262        3.790524      353.227350
e3(-1),e2(-1)            -185.700962       20.509149      824.840442      -18.300627        1.353217      126.102164
e3(-1),M3(-1)           11057.648577     2790.686280   -33067.849189     1312.026454      175.050338    -3533.128421
e3(-1),e3(-1)            1205.283695      304.184804    -3604.395562      143.010884       19.080487     -385.110998
M4(-1),M1(-1)           -2127.536029      253.393662     9523.718764     -208.695063       16.688622     1460.741919
M4(-1),e1(-1)           -1329.710018      158.371039     5952.324228     -130.434414       10.430389      912.963700
M4(-1),M2(-1)           -3843.939803      359.151576    16812.365516     -385.312772       23.849429     2509.715107
M4(-1),e2(-1)           -1372.286510      128.217113     6002.014489     -137.556660        8.514246      895.968293
M4(-1),M3(-1)           -5948.824986      468.739990    25670.259905     -604.055279       31.355568     3763.087262
M4(-1),e3(-1)           -1296.843847      102.185318     5596.116659     -131.684051        6.835514      820.353023
M4(-1),M4(-1)           38739.942351    11480.222644  -109038.878827     4616.640538      720.482225   -11440.900886
e4(-1),M1(-1)            -261.686932       31.167420     1171.417408      -25.669493        2.052700      179.671256
e4(-1),e1(-1)            -163.554332       19.479638      732.135880      -16.043433        1.282938      112.294535
e4(-1),M2(-1)            -472.804596       44.175644     2067.920958      -47.393471        2.933480      308.694958
e4(-1),e2(-1)            -168.791241       15.770705      738.247782      -16.919469        1.047252      110.204100
e4(-1),M3(-1)            -731.705473       57.655019     3157.441968      -74.298799        3.856735      462.859733
e4(-1),e3(-1)            -159.511793       12.568794      688.322349      -16.197138        0.840768      100.903422
e4(-1),M4(-1)            9530.025818     2824.134770   -26823.564192     1135.693572      177.238627    -2814.461618
e4(-1),e4(-1)             586.096588      173.684288    -1649.649198       69.845155       10.900176     -173.089389
M5(-1),M1(-1)           -3346.149554      341.362773    14750.049307     -334.338911       22.619922     2202.576414
M5(-1),e1(-1)           -2091.343471      213.351733     9218.780817     -208.961820       14.137451     1376.610259
M5(-1),M2(-1)           -6021.445628      473.569107    25980.058939     -612.974784       31.713997     3785.173555
M5(-1),e2(-1)           -2149.656089      169.064171     9274.881041     -218.831998       11.321897     1351.306959
M5(-1),M3(-1)           -9296.124428      606.000729    39608.500627     -957.017867       40.981934     5676.314148
M5(-1),e3(-1)           -2026.555125      132.108159     8634.653137     -208.629895        8.934062     1237.436484
M5(-1),M4(-1)          -14849.490357      773.876557    62493.467656    -1546.302675       53.116677     8792.229603
M5(-1),e4(-1)           -1826.487314       95.186816     7686.696522     -190.195229        6.533351     1081.444241
M5(-1),M5(-1)           52741.674505    20015.211756  -130905.850994     6331.278149     1256.973169   -13231.023454
e5(-1),M1(-1)            -234.230469       23.895394     1032.503452      -23.403724        1.583395      154.180349
e5(-1),e1(-1)            -146.394043       14.934621      645.314657      -14.627327        0.989622       96.362718
e5(-1),M2(-1)            -421.501194       33.149837     1818.604126      -42.908235        2.219980      264.962149
e5(-1),e2(-1)            -150.475926       11.834492      649.241673      -15.318240        0.792533       94.591487
e5(-1),M3(-1)            -650.728710       42.420051     2772.595044      -66.991251        2.868735      397.341990
e5(-1),e3(-1)            -141.858859        9.247571      604.425720      -14.604093        0.625384       86.620554
e5(-1),M4(-1)           -1039.464325       54.171359     4374.542736     -108.241187        3.718167      615.456072
e5(-1),e4(-1)            -127.854112        6.663077      538.068757      -13.313666        0.457335       75.701097
e5(-1),M5(-1)            7383.834431     2802.129646   -18326.819139      886.378941      175.976244    -1852.343283
e5(-1),e5(-1)             258.434205       98.074538     -641.438670       31.023263        6.159169      -64.832015
M6(-1),M1(-1)           -5062.628078      446.363997    22035.968301     -514.344179       29.805875     3199.708101
M6(-1),e1(-1)           -3164.142549      278.977498    13772.480188     -321.465112       18.628672     1999.817563
M6(-1),M2(-1)           -9088.851877      602.154609    38764.025942     -938.545718       40.777166     5504.583288
M6(-1),e2(-1)           -3244.720120      214.969195    13838.757261     -335.060821       14.557448     1965.136234
M6(-1),M3(-1)          -14008.624241      750.006644    59034.523542    -1460.865240       51.489547     8259.089134
M6(-1),e3(-1)           -3053.880085      163.501448    12869.526132     -318.468622       11.224721     1800.481431
M6(-1),M4(-1)          -22333.551759      917.376910    93003.714676    -2352.481759       64.389304    12797.201162
M6(-1),e4(-1)           -2747.026866      112.837360    11439.456905     -289.355256        7.919884     1574.055743
M6(-1),M5(-1)          -34659.617987     1025.205927   142739.295654    -3685.263594       74.715595    19309.007758
M6(-1),e5(-1)           -2426.173259       71.764415     9991.750696     -257.968452        5.230092     1351.630543
M6(-1),M6(-1)           57235.048193    33605.324415   -94518.895111     6980.692313     2112.365240    -8181.672126
e6(-1),M1(-1)            -202.505123       17.854560      881.438732      -20.573767        1.192235      127.988324
e6(-1),e1(-1)            -126.565702       11.159100      550.899208      -12.858604        0.745147       79.992703
e6(-1),M2(-1)            -363.554075       24.086184     1550.561038      -37.541829        1.631087      220.183332
e6(-1),e2(-1)            -129.788805        8.598768      553.550290      -13.402433        0.582298       78.605449
e6(-1),M3(-1)            -560.344970       30.000266     2361.380942      -58.434610        2.059582      330.363565
e6(-1),e3(-1)            -122.155203        6.540058      514.781045      -12.738745        0.448989       72.019257
e6(-1),M4(-1)            -893.342070       36.695076     3720.148587      -94.099270        2.575572      511.888046
e6(-1),e4(-1)            -109.881075        4.513494      457.578276      -11.574210        0.316795       62.962230
e6(-1),M5(-1)           -1386.384719       41.008237     5709.571826     -147.410544        2.988624      772.360310
e6(-1),e5(-1)             -97.046930        2.870577      399.670028      -10.318738        0.209204       54.065222
e6(-1),M6(-1)            4578.803855     2688.425953    -7561.511609      558.455385      168.989219     -654.533770
e6(-1),e6(-1)              91.576077       53.768519     -151.230232       11.169108        3.379784      -13.090675
M7(-1),M1(-1)           -7533.026282      575.157062    32432.733374     -778.531783       38.827847     4551.797172
M7(-1),e1(-1)           -4708.141426      359.473164    20270.458359     -486.582365       24.267405     2844.873233
M7(-1),M2(-1)          -13520.348911      744.198632    57058.190169    -1417.309428       51.256201     7851.016814
M7(-1),e2(-1)           -4826.764561      265.678911    20369.773890     -505.979466       18.298464     2802.813003
M7(-1),M3(-1)          -20823.492711      887.683045    86844.703021    -2201.588027       62.445279    11794.358337
M7(-1),e3(-1)           -4539.521411      193.514904    18932.145258     -479.946190       13.613071     2571.170118
M7(-1),M4(-1)          -33149.187689     1006.376402   136622.256363    -3535.204025       73.545093    18288.875968
M7(-1),e4(-1)           -4077.350086      123.784297    16804.537533     -434.830095        9.046046     2249.531744
M7(-1),M5(-1)          -51326.959584      968.675098   209182.538727    -5518.056268       76.602448    27594.661369
M7(-1),e5(-1)           -3592.887171       67.807257    14642.777711     -386.263939        5.362171     1931.626296
M7(-1),M6(-1)          -76561.418050      620.052480   308725.882119    -8293.866901       62.601101    40102.079909
M7(-1),e6(-1)           -3062.456722       24.802099    12349.035285     -331.754676        2.504044     1604.083196
M7(-1),M7(-1)           25516.377019    56573.730117   124229.412392     3453.866423     3560.939663    17472.676964
e7(-1),M1(-1)            -165.726578       12.653455      713.520134      -17.127699        0.854213      100.139538
e7(-1),e1(-1)            -103.579111        7.908410      445.950084      -10.704812        0.533883       62.587211
e7(-1),M2(-1)            -297.447676       16.372370     1255.280184      -31.180807        1.127636      172.722370
e7(-1),e2(-1)            -106.188820        5.844936      448.135026      -11.131548        0.402566       61.661886
e7(-1),M3(-1)            -458.116840       19.529027     1910.583466      -48.434937        1.373796      259.475883
e7(-1),e3(-1)             -99.869471        4.257328      416.507196      -10.558816        0.299488       56.565743
e7(-1),M4(-1)            -729.282129       22.140281     3005.689640      -77.774489        1.617992      402.355271
e7(-1),e4(-1)             -89.701702        2.723255      369.699826       -9.566262        0.199013       49.489698
e7(-1),M5(-1)           -1129.193111       21.310852     4602.015852     -121.397238        1.685254      607.082550
e7(-1),e5(-1)             -79.043518        1.491760      322.141110       -8.497807        0.117968       42.495779
e7(-1),M6(-1)           -1684.351197       13.641155     6791.969407     -182.465072        1.377224      882.245758
e7(-1),e6(-1)             -67.374048        0.545646      271.678776       -7.298603        0.055089       35.289830
e7(-1),M7(-1)            1122.720589     2489.244125     5466.094145      151.970123      156.681345      768.797786
e7(-1),e7(-1)              12.349926       27.381685       60.127036        1.671671        1.723495        8.456776
M8(-1),M1(-1)          -10785.375109      659.322820    45778.791717    -1132.583711       45.529463     6195.164350
M8(-1),e1(-1)           -6740.859443      412.076763    28611.744823     -707.864819       28.455915     3871.977718
M8(-1),M2(-1)          -19399.190944      776.655843    80703.387146    -2062.878989       55.657959    10733.864662
M8(-1),e2(-1)           -6925.511167      277.266136    28811.109211     -736.447799       19.869891     3831.989684
M8(-1),M3(-1)          -29889.043543      827.801640   122867.380733    -3202.087630       62.186740    16159.505697
M8(-1),e3(-1)           -6515.811492      180.460758    26785.089000     -698.055103       13.556709     3522.772242
M8(-1),M4(-1)          -47543.762247      730.324981   193096.348911    -5131.559384       61.616715    25089.051581
M8(-1),e4(-1)           -5847.882756       89.829973    23750.850916     -631.181804        7.578856     3085.953344
M8(-1),M5(-1)          -73454.930132      261.960287   294867.561677    -7982.616873       40.463940    37850.221518
M8(-1),e5(-1)           -5141.845109       18.337220    20640.729317     -558.783181        2.832476     2649.515506
M8(-1),M6(-1)         -109099.027434     -864.100944   432939.705961   -11931.503850      -18.235265    54882.447539
M8(-1),e6(-1)           -4363.961097      -34.564038    17317.588238     -477.260154       -0.729411     2195.297902
M8(-1),M7(-1)         -158694.608431    -3364.773950   621319.337923   -17470.832376     -156.316527    77586.222974
M8(-1),e7(-1)           -3491.281385      -74.025027    13669.025434     -384.358312       -3.438964     1706.896905
M8(-1),M8(-1)          -81375.764503    96226.790165   710410.218672    -8821.734316     6067.240306    83898.644841
e8(-1),M1(-1)            -140.209876        8.571197      595.124292      -14.723588        0.591883       80.537137
e8(-1),e1(-1)             -87.631173        5.356998      371.952683       -9.202243        0.369927       50.335710
e8(-1),M2(-1)            -252.189482       10.096526     1049.144033      -26.817427        0.723553      139.540241
e8(-1),e2(-1)             -90.031645        3.604460      374.544420       -9.573821        0.258309       49.815866
e8(-1),M3(-1)            -388.557566       10.761421     1597.275950      -41.627139        0.808428      210.073574
e8(-1),e3(-1)             -84.705549        2.345990      348.206157       -9.074716        0.176237       45.796039
e8(-1),M4(-1)            -618.068909        9.494225     2510.252536      -66.710272        0.801017      326.157671
e8(-1),e4(-1)             -76.022476        1.167790      308.761062       -8.205363        0.098525       40.117393
e8(-1),M5(-1)            -954.914092        3.405484     3833.278302     -103.774019        0.526031      492.052880
e8(-1),e5(-1)             -66.843986        0.238384      268.329481       -7.264181        0.036822       34.443702
e8(-1),M6(-1)           -1418.287357      -11.233312     5628.216177     -155.109550       -0.237058      713.471818
e8(-1),e6(-1)             -56.731494       -0.449332      225.128647       -6.204382       -0.009482       28.538873
e8(-1),M7(-1)           -2063.029910      -43.742061     8077.151393     -227.120821       -2.032115     1008.620899
e8(-1),e7(-1)             -45.386658       -0.962325      177.697331       -4.996658       -0.044707       22.189660
e8(-1),M8(-1)           -2115.769877     2501.896544    18470.665685     -229.365092      157.748248     2181.364766
e8(-1),e8(-1)             -13.752504       16.262328      120.059327       -1.490873        1.025364       14.178871
M9(-1),M1(-1)           17465.248753    -4823.026081   -89153.099337     1947.339282     -279.366937   -14028.439775
M9(-1),e1(-1)           10915.780471    -3014.391301   -55720.687086     1217.087051     -174.604336    -8767.774859
M9(-1),M2(-1)           21926.237560    -9698.459421  -126498.787926     2408.704552     -569.818839   -20630.441545
M9(-1),e2(-1)            7827.666809    -3462.350013   -45160.067289      859.907525     -203.425326    -7365.067632
M9(-1),M3(-1)           27106.831137   -16025.304822  -172528.543834     2945.829120     -948.248996   -28505.715733
M9(-1),e3(-1)            5909.289188    -3493.516451   -37611.222556      642.190748     -206.718281    -6214.246030
M9(-1),M4(-1)           36599.029470   -27572.281594  -256685.244258     3949.940342    -1641.776349   -42055.342026
M9(-1),e4(-1)            4501.680625    -3391.390636   -31572.285044      485.842662     -201.938491    -5172.807069
M9(-1),M5(-1)           55420.595740   -46453.694117  -407497.159426     6012.508771    -2780.480174   -64229.787477
M9(-1),e5(-1)            3879.441702    -3251.758588   -28524.801160      420.875614     -194.633612    -4496.085123
M9(-1),M6(-1)           99736.913498   -76306.639728  -704174.212903    11033.380292    -4586.797281  -103491.899396
M9(-1),e6(-1)            3989.476540    -3052.265589   -28166.968516      441.335212     -183.471891    -4139.675976
M9(-1),M7(-1)          218666.867522  -127371.868785 -1384154.945227    24776.436886    -7685.681227  -185624.980460
M9(-1),e7(-1)            4810.671085    -2802.181113   -30451.408795      545.081611     -169.084987    -4083.749570
M9(-1),M8(-1)          479530.133390  -215813.688457 -2781375.287388    55164.249578   -13076.121869  -346158.423913
M9(-1),e8(-1)            6233.891734    -2805.577950   -36157.878736      717.135245     -169.989584    -4500.059511
M9(-1),M9(-1)         -436544.348614   167418.409865  2415851.033916   -50810.483447    11658.942413   337594.220415
e9(-1),M1(-1)              34.930498       -9.646052     -178.306199        3.894679       -0.558734      -28.056880
e9(-1),e1(-1)              21.831561       -6.028783     -111.441374        2.434174       -0.349209      -17.535550
e9(-1),M2(-1)              43.852475      -19.396919     -252.997576        4.817409       -1.139638      -41.260883
e9(-1),e2(-1)              15.655334       -6.924700      -90.320135        1.719815       -0.406851      -14.730135
e9(-1),M3(-1)              54.213662      -32.050610     -345.057088        5.891658       -1.896498      -57.011431
e9(-1),e3(-1)              11.818578       -6.987033      -75.222445        1.284381       -0.413437      -12.428492
e9(-1),M4(-1)              73.198059      -55.144563     -513.370489        7.899881       -3.283553      -84.110684
e9(-1),e4(-1)               9.003361       -6.782781      -63.144570        0.971685       -0.403877      -10.345614
e9(-1),M5(-1)             110.841191      -92.907388     -814.994319       12.025018       -5.560960     -128.459575
e9(-1),e5(-1)               7.758883       -6.503517      -57.049602        0.841751       -0.389267       -8.992170
e9(-1),M6(-1)             199.473827     -152.613279    -1408.348426       22.066761       -9.173595     -206.983799
e9(-1),e6(-1)               7.978953       -6.104531      -56.333937        0.882670       -0.366944       -8.279352
e9(-1),M7(-1)             437.333735     -254.743738    -2768.309890       49.552874      -15.371362     -371.249961
e9(-1),e7(-1)               9.621342       -5.604362      -60.902818        1.090163       -0.338170       -8.167499
e9(-1),M8(-1)             959.060267     -431.627377    -5562.750575      110.328499      -26.152244     -692.316848
e9(-1),e8(-1)              12.467783       -5.611156      -72.315757        1.434270       -0.339979       -9.000119
e9(-1),M9(-1)           -1746.177394      669.673639     9663.404136     -203.241934       46.635770     1350.376882
e9(-1),e9(-1)              -1.746177        0.669674        9.663404       -0.203242        0.046636        1.350377
Z(-1),M1(-1)                5.490183       -0.271048      -23.044926        1.901072        0.088062       -0.292229
Z(-1),e1(-1)                3.431365       -0.169405      -14.403079        1.188170        0.055039       -0.182643
Z(-1),M2(-1)                8.922795       -0.417612      -37.361628        3.065180        0.147773       -0.534453
Z(-1),e2(-1)                3.185438       -0.149087      -13.338101        1.094269        0.052755       -0.190800
Z(-1),M3(-1)               12.846266       -0.581588      -53.711414        4.393364        0.219902       -0.832743
Z(-1),e3(-1)                2.800486       -0.126786      -11.709088        0.957753        0.047939       -0.181538
Z(-1),M4(-1)               18.939978       -0.830236      -79.080853        6.454513        0.341450       -1.341441
Z(-1),e4(-1)                2.329617       -0.102119       -9.726945        0.793905        0.041998       -0.164997
Z(-1),M5(-1)               27.034358       -1.152575     -112.747734        9.198725        0.523890       -2.098896
Z(-1),e5(-1)                1.892405       -0.080680       -7.892341        0.643911        0.036672       -0.146923
Z(-1),M6(-1)               36.849422       -1.545155     -153.578306       12.565592        0.792157       -3.159872
Z(-1),e6(-1)                1.473977       -0.061806       -6.143132        0.502624        0.031686       -0.126395
Z(-1),M7(-1)               48.002619       -2.021153     -200.095089       16.534570        1.221263       -4.674122
Z(-1),e7(-1)                1.056058       -0.044465       -4.402092        0.363761        0.026868       -0.102831
Z(-1),M8(-1)               58.629577       -2.450350     -244.319706       20.640289        1.880961       -6.598928
Z(-1),e8(-1)                0.762184       -0.031855       -3.176156        0.268324        0.024452       -0.085786
Z(-1),M9(-1)             -205.543426        8.448827      855.969011      -34.728504       11.409748       18.871936
Z(-1),e9(-1)               -0.411087        0.016898        1.711938       -0.069457        0.022819        0.037744
Z(-1),Z(-1)                -0.551669       -0.448038        0.414523        0.000007       -0.002856        0.066885
X(-1),M1(-1)               -3.616549        0.178548       15.180388       -0.543090        0.011402        0.192500
X(-1),e1(-1)               -2.260343        0.111592        9.487742       -0.339431        0.007126        0.120312
X(-1),M2(-1)               -5.877714        0.275094       24.611231       -0.880333        0.017593        0.352061
X(-1),e2(-1)               -2.098344        0.098208        8.786210       -0.314279        0.006281        0.125686
X(-1),M3(-1)               -8.462223        0.383110       35.381328       -1.265577        0.024531        0.548553
X(-1),e3(-1)               -1.844765        0.083518        7.713130       -0.275896        0.005348        0.119584
X(-1),M4(-1)              -12.476335        0.546901       52.092943       -1.863754        0.035077        0.883647
X(-1),e4(-1)               -1.534589        0.067269        6.407432       -0.229242        0.004314        0.108689
X(-1),M5(-1)              -17.808347        0.759236       74.270333       -2.658922        0.048800        1.382606
X(-1),e5(-1)               -1.246584        0.053147        5.198923       -0.186125        0.003416        0.096782
X(-1),M6(-1)              -24.273825        1.017840      101.166662       -3.626832        0.065611        2.081503
X(-1),e6(-1)               -0.970953        0.040714        4.046666       -0.145073        0.002624        0.083260
X(-1),M7(-1)              -31.620773        1.331395      131.808670       -4.740202        0.086212        3.078985
X(-1),e7(-1)               -0.695657        0.029291        2.899791       -0.104284        0.001897        0.067738
X(-1),M8(-1)              -38.621070        1.614119      160.940759       -5.831609        0.105361        4.346913
X(-1),e8(-1)               -0.502074        0.020984        2.092230       -0.075811        0.001370        0.056510
X(-1),M9(-1)              135.397654       -5.565497     -563.852602       16.893942       -0.325664      -12.431514
X(-1),e9(-1)                0.270795       -0.011131       -1.127705        0.033788       -0.000651       -0.024863
X(-1),Z(-1)                 0.034837       -0.000699       -0.142143       -0.008131        0.000062       -0.043277
X(-1),X(-1)                 0.038080       -0.000713       -0.155170        0.005047       -0.000045       -0.008167
eps_Z,eps_Z                -0.032645        0.000655        0.133199        0.076125        0.031154        0.040554
eps_X,eps_Z                 0.093272       -0.001870       -0.380570       -0.021771        0.000167       -0.115869
eps_X,eps_X                -0.066623        0.001336        0.271836       -0.004473        0.000084        0.082763
M1(-1),eps_Z                6.100204       -0.301164      -25.605473        2.112302        0.097847       -0.324699
M1(-1),eps_X               -8.714577        0.430235       36.579247       -1.308650        0.027475        0.463855
e1(-1),eps_Z                3.812627       -0.188228      -16.003421        1.320189        0.061154       -0.202937
e1(-1),eps_X               -5.446610        0.268897       22.862029       -0.817906        0.017172        0.289910
M2(-1),eps_Z                9.914217       -0.464013      -41.512920        3.405755        0.164192       -0.593837
M2(-1),eps_X              -14.163167        0.662876       59.304172       -2.121285        0.042394        0.848339
e2(-1),eps_Z                3.539375       -0.165653      -14.820113        1.215855        0.058617       -0.212000
e2(-1),eps_X               -5.056251        0.236647       21.171589       -0.757299        0.015134        0.302857
M3(-1),eps_Z               14.273628       -0.646209      -59.679349        4.881516        0.244336       -0.925270
M3(-1),eps_X              -20.390898        0.923156       85.256213       -3.049583        0.059111        1.321814
e3(-1),eps_Z                3.111651       -0.140874      -13.010098        1.064170        0.053265       -0.201709
e3(-1),eps_X               -4.445216        0.201248       18.585854       -0.664809        0.012886        0.288155
M4(-1),eps_Z               21.044420       -0.922484      -87.867615        7.171681        0.379389       -1.490490
M4(-1),eps_X              -30.063457        1.317834      125.525164       -4.490973        0.084522        2.129271
e4(-1),eps_Z                2.588464       -0.113466      -10.807717        0.882117        0.046665       -0.183330
e4(-1),eps_X               -3.697805        0.162094       15.439595       -0.552390        0.010396        0.261900
M5(-1),eps_Z               30.038176       -1.280639     -125.275260       10.220806        0.582100       -2.332106
M5(-1),eps_X              -42.911680        1.829485      178.964657       -6.407040        0.117591        3.331580
e5(-1),eps_Z                2.102672       -0.089645       -8.769268        0.715456        0.040747       -0.163247
e5(-1),eps_X               -3.003818        0.128064       12.527526       -0.448493        0.008231        0.233211
M6(-1),eps_Z               40.943802       -1.716839     -170.642563       13.961769        0.880174       -3.510969
M6(-1),eps_X              -58.491146        2.452627      243.775090       -8.739354        0.158098        5.015669
e6(-1),eps_Z                1.637752       -0.068674       -6.825703        0.558471        0.035207       -0.140439
e6(-1),eps_X               -2.339646        0.098105        9.751004       -0.349574        0.006324        0.200627
M7(-1),eps_Z               53.336243       -2.245726     -222.327876       18.371745        1.356959       -5.193469
M7(-1),eps_X              -76.194633        3.208180      317.611252      -11.422173        0.207739        7.419241
e7(-1),eps_Z                1.173397       -0.049406       -4.891213        0.404178        0.029853       -0.114256
e7(-1),eps_X               -1.676282        0.070580        6.987448       -0.251288        0.004570        0.163223
M8(-1),eps_Z               65.143974       -2.722611     -271.466340       22.933654        2.089957       -7.332142
M8(-1),eps_X              -93.062820        3.889444      387.809057      -14.052071        0.253881       10.474489
e8(-1),eps_Z                0.846872       -0.035394       -3.529062        0.298138        0.027169       -0.095318
e8(-1),eps_X               -1.209817        0.050563        5.041518       -0.182677        0.003300        0.136168
M9(-1),eps_Z             -228.381584        9.387585      951.076679      -38.587227       12.677498       20.968818
M9(-1),eps_X              326.259406      -13.410836    -1358.680969       40.708295       -0.784732      -29.955454
e9(-1),eps_Z               -0.456763        0.018775        1.902153       -0.077174        0.025355        0.041938
e9(-1),eps_X                0.652519       -0.026822       -2.717362        0.081417       -0.001569       -0.059911
Z(-1),eps_Z                -0.058762        0.001178        0.239759        0.137024        0.056078        0.072997
Z(-1),eps_X                 0.083945       -0.001683       -0.342513       -0.019594        0.000150       -0.104282
X(-1),eps_Z                 0.038708       -0.000776       -0.157937       -0.009035        0.000069       -0.048086
X(-1),eps_X                -0.055297        0.001109        0.225624       -0.003713        0.000070        0.068694


APPROXIMATED THEORETICAL MOMENTS
VARIABLE         MEAN  STD. DEV.   VARIANCE
logC          -2.1440     0.2671     0.0713
logw          -2.7706     0.2281     0.0520
logL          -2.1913     0.1560     0.0243
C              0.1214     0.0314     0.0010
w              0.0643     0.0143     0.0002
L              0.1131     0.0173     0.0003



APPROXIMATED VARIANCE DECOMPOSITION (in percent)
         eps_Z   eps_X
logC    100.00    0.00
logw    100.00    0.00
logL     99.96    0.04
C       100.00    0.00
w       100.00    0.00
L        99.96    0.04



APPROXIMATED MATRIX OF CORRELATIONS
Variables       logC     logw     logL        C        w        L
logC          1.0000   1.0000  -0.9998   1.0000   1.0000  -0.9998
logw          1.0000   1.0000  -0.9998   1.0000   1.0000  -0.9998
logL         -0.9998  -0.9998   1.0000  -0.9998  -0.9998   1.0000
C             1.0000   1.0000  -0.9998   1.0000   1.0000  -0.9998
w             1.0000   1.0000  -0.9998   1.0000   1.0000  -0.9998
L            -0.9998  -0.9998   1.0000  -0.9998  -0.9998   1.0000



APPROXIMATED COEFFICIENTS OF AUTOCORRELATION
Order          1       2       3       4       5
logC      0.9000  0.8100  0.7290  0.6561  0.5905
logw      0.9000  0.8100  0.7290  0.6561  0.5905
logL      0.8998  0.8097  0.7287  0.6558  0.5902
C         0.9000  0.8100  0.7290  0.6561  0.5905
w         0.9000  0.8100  0.7290  0.6561  0.5905
L         0.8998  0.8097  0.7287  0.6558  0.5902
Total computing time : 0h00m03s
